<?xml version="1.0" encoding="UTF-8"?>
<!-- Generated by org.testng.reporters.JUnitXMLReporter -->
<testsuite ignored="0" hostname="DESKTOP-45P36GI" failures="0" tests="5" name="My Swag Labs Login and Logout Tests" time="17.755" errors="0" timestamp="2022-01-09T01:27:09 EST">
  <testcase classname="MyTests.SwagLabsLoginPageTest" name="verifyTitle" time="0.028"/>
  <testcase classname="MyTests.SwagLabsLoginPageTest" name="loginLogoPresent" time="0.113"/>
  <testcase classname="MyTests.SwagLabsLoginPageTest" name="verifyLoginBotLogo" time="0.065"/>
  <testcase classname="MyTests.SwagLabsLoginPageTest" name="login" time="0.906"/>
  <testcase classname="MyTests.SwagLabsLogoutPageTest" name="logout" time="1.387"/>
</testsuite> <!-- My Swag Labs Login and Logout Tests -->
