<?xml version="1.0" encoding="UTF-8"?>
<!-- Generated by org.testng.reporters.JUnitXMLReporter -->
<testsuite ignored="0" hostname="DESKTOP-45P36GI" failures="0" tests="4" name="Default test" time="11.161" errors="0" timestamp="2022-01-08T22:03:00 EST">
  <testcase classname="learntestng.SwagLabsLoginPageTest" name="verifyTitle" time="0.022"/>
  <testcase classname="learntestng.SwagLabsLoginPageTest" name="loginLogoPresent" time="0.082"/>
  <testcase classname="learntestng.SwagLabsLoginPageTest" name="verifyLoginBotLogo" time="0.058"/>
  <testcase classname="learntestng.SwagLabsLoginPageTest" name="login" time="0.548"/>
</testsuite> <!-- Default test -->
