<?xml version="1.0" encoding="UTF-8"?>
<!-- Generated by org.testng.reporters.JUnitXMLReporter -->
<testsuite ignored="0" hostname="DESKTOP-45P36GI" failures="0" tests="11" name="Test" time="33.963" errors="0" timestamp="2022-01-09T01:17:19 EST">
  <testcase classname="MyTests.SwagLabsLoginPageTest" name="verifyTitle" time="0.027"/>
  <testcase classname="MyTests.SwagLabsLoginPageTest" name="loginLogoPresent" time="0.15"/>
  <testcase classname="MyTests.SwagLabsLoginPageTest" name="verifyLoginBotLogo" time="0.066"/>
  <testcase classname="MyTests.SwagLabsLoginPageTest" name="login" time="0.996"/>
  <testcase classname="MyTests.PerformanceGlitchUser" name="lockedOutUserTest" time="5.674"/>
  <testcase classname="MyTests.SwagLabsLogoutPageTest" name="logout" time="1.708"/>
  <testcase classname="MyTests.SwagLabsLoginPageTest_Case2" name="verifyTitle" time="0.011"/>
  <testcase classname="MyTests.SwagLabsLoginPageTest_Case2" name="loginLogoPresent" time="0.068"/>
  <testcase classname="MyTests.SwagLabsLoginPageTest_Case2" name="verifyLoginBotLogo" time="0.055"/>
  <testcase classname="MyTests.SwagLabsLoginPageTest_Case2" name="login" time="0.625"/>
  <testcase classname="MyTests.LockedOutUserTest" name="lockedOutUserTest" time="0.462"/>
</testsuite> <!-- Test -->
