<?xml version="1.0" encoding="UTF-8"?>
<!-- Generated by org.testng.reporters.JUnitXMLReporter -->
<testsuite ignored="0" hostname="DESKTOP-45P36GI" failures="0" tests="5" name="My Smoke Test" time="16.644" errors="0" timestamp="2022-01-09T01:43:03 EST">
  <testcase classname="MyTests.SwagLabsLoginPageTest" name="verifyTitle" time="0.023"/>
  <testcase classname="MyTests.SwagLabsLoginPageTest" name="loginLogoPresent" time="0.107"/>
  <testcase classname="MyTests.SwagLabsLoginPageTest" name="verifyLoginBotLogo" time="0.079"/>
  <testcase classname="MyTests.SwagLabsLoginPageTest" name="login" time="0.941"/>
  <testcase classname="MyTests.SwagLabsLogoutPageTest" name="logout" time="1.507"/>
</testsuite> <!-- My Smoke Test -->
