<?xml version="1.0" encoding="UTF-8"?>
<testng-results ignored="0" total="4" passed="4" failed="0" skipped="0">
  <reporter-output>
  </reporter-output>
  <suite started-at="2022-01-08T22:02:49 EST" name="Default suite" finished-at="2022-01-08T22:03:00 EST" duration-ms="11161">
    <groups>
    </groups>
    <test started-at="2022-01-08T22:02:49 EST" name="Default test" finished-at="2022-01-08T22:03:00 EST" duration-ms="11161">
      <class name="learntestng.SwagLabsLoginPageTest">
        <test-method is-config="true" signature="launchBrowser()[pri:0, instance:learntestng.SwagLabsLoginPageTest@29e495ff]" started-at="2022-01-08T22:02:49 EST" name="launchBrowser" finished-at="2022-01-08T22:02:51 EST" duration-ms="2520" status="PASS">
          <reporter-output>
          </reporter-output>
        </test-method> <!-- launchBrowser -->
        <test-method signature="verifyTitle()[pri:1, instance:learntestng.SwagLabsLoginPageTest@29e495ff]" started-at="2022-01-08T22:02:51 EST" name="verifyTitle" finished-at="2022-01-08T22:02:51 EST" duration-ms="22" status="PASS">
          <reporter-output>
          </reporter-output>
        </test-method> <!-- verifyTitle -->
        <test-method is-config="true" signature="closeBrowser()[pri:0, instance:learntestng.SwagLabsLoginPageTest@29e495ff]" started-at="2022-01-08T22:02:51 EST" name="closeBrowser" finished-at="2022-01-08T22:02:52 EST" duration-ms="642" status="PASS">
          <reporter-output>
          </reporter-output>
        </test-method> <!-- closeBrowser -->
        <test-method is-config="true" signature="launchBrowser()[pri:0, instance:learntestng.SwagLabsLoginPageTest@29e495ff]" started-at="2022-01-08T22:02:52 EST" name="launchBrowser" finished-at="2022-01-08T22:02:54 EST" duration-ms="1797" status="PASS">
          <reporter-output>
          </reporter-output>
        </test-method> <!-- launchBrowser -->
        <test-method signature="loginLogoPresent()[pri:2, instance:learntestng.SwagLabsLoginPageTest@29e495ff]" started-at="2022-01-08T22:02:54 EST" name="loginLogoPresent" finished-at="2022-01-08T22:02:54 EST" duration-ms="82" status="PASS">
          <reporter-output>
          </reporter-output>
        </test-method> <!-- loginLogoPresent -->
        <test-method is-config="true" signature="closeBrowser()[pri:0, instance:learntestng.SwagLabsLoginPageTest@29e495ff]" started-at="2022-01-08T22:02:54 EST" name="closeBrowser" finished-at="2022-01-08T22:02:54 EST" duration-ms="641" status="PASS">
          <reporter-output>
          </reporter-output>
        </test-method> <!-- closeBrowser -->
        <test-method is-config="true" signature="launchBrowser()[pri:0, instance:learntestng.SwagLabsLoginPageTest@29e495ff]" started-at="2022-01-08T22:02:54 EST" name="launchBrowser" finished-at="2022-01-08T22:02:56 EST" duration-ms="1733" status="PASS">
          <reporter-output>
          </reporter-output>
        </test-method> <!-- launchBrowser -->
        <test-method signature="verifyLoginBotLogo()[pri:3, instance:learntestng.SwagLabsLoginPageTest@29e495ff]" started-at="2022-01-08T22:02:56 EST" name="verifyLoginBotLogo" finished-at="2022-01-08T22:02:56 EST" duration-ms="58" status="PASS">
          <reporter-output>
          </reporter-output>
        </test-method> <!-- verifyLoginBotLogo -->
        <test-method is-config="true" signature="closeBrowser()[pri:0, instance:learntestng.SwagLabsLoginPageTest@29e495ff]" started-at="2022-01-08T22:02:56 EST" name="closeBrowser" finished-at="2022-01-08T22:02:57 EST" duration-ms="653" status="PASS">
          <reporter-output>
          </reporter-output>
        </test-method> <!-- closeBrowser -->
        <test-method is-config="true" signature="launchBrowser()[pri:0, instance:learntestng.SwagLabsLoginPageTest@29e495ff]" started-at="2022-01-08T22:02:57 EST" name="launchBrowser" finished-at="2022-01-08T22:02:58 EST" duration-ms="1714" status="PASS">
          <reporter-output>
          </reporter-output>
        </test-method> <!-- launchBrowser -->
        <test-method signature="login()[pri:4, instance:learntestng.SwagLabsLoginPageTest@29e495ff]" started-at="2022-01-08T22:02:58 EST" name="login" finished-at="2022-01-08T22:02:59 EST" duration-ms="548" status="PASS">
          <reporter-output>
          </reporter-output>
        </test-method> <!-- login -->
        <test-method is-config="true" signature="closeBrowser()[pri:0, instance:learntestng.SwagLabsLoginPageTest@29e495ff]" started-at="2022-01-08T22:02:59 EST" name="closeBrowser" finished-at="2022-01-08T22:03:00 EST" duration-ms="700" status="PASS">
          <reporter-output>
          </reporter-output>
        </test-method> <!-- closeBrowser -->
      </class> <!-- learntestng.SwagLabsLoginPageTest -->
    </test> <!-- Default test -->
  </suite> <!-- Default suite -->
</testng-results>
